#
# There is insufficient memory for the Java Runtime Environment to continue.
# Native memory allocation (malloc) failed to allocate 1061536 bytes for Chunk::new
# Possible reasons:
#   The system is out of physical RAM or swap space
#   The process is running with CompressedOops enabled, and the Java Heap may be blocking the growth of the native heap
# Possible solutions:
#   Reduce memory load on the system
#   Increase physical memory or swap space
#   Check if swap backing store is full
#   Decrease Java heap size (-Xmx/-Xms)
#   Decrease number of Java threads
#   Decrease Java thread stack sizes (-Xss)
#   Set larger code cache with -XX:ReservedCodeCacheSize=
#   JVM is running with Unscaled Compressed Oops mode in which the Java heap is
#     placed in the first 4GB address space. The Java Heap base address is the
#     maximum limit for the native heap growth. Please use -XX:HeapBaseMinAddress
#     to set the Java Heap base and to place the Java Heap above 4GB virtual address.
# This output file may be truncated or incomplete.
#
#  Out of Memory Error (arena.cpp:166), pid=19900, tid=12364
#
# JRE version: Java(TM) SE Runtime Environment (21.0+35) (build 21+35-LTS-2513)
# Java VM: Java HotSpot(TM) 64-Bit Server VM (21+35-LTS-2513, mixed mode, sharing, tiered, compressed oops, compressed class ptrs, g1 gc, windows-amd64)
# No core dump will be written. Minidumps are not enabled by default on client versions of Windows
#

---------------  S U M M A R Y ------------

Command Line: -javaagent:D:\JetBrains\IntelliJ IDEA Community Edition 2023.2.2\lib\idea_rt.jar=9211:D:\JetBrains\IntelliJ IDEA Community Edition 2023.2.2\bin -Dfile.encoding=UTF-8 -Dsun.stdout.encoding=UTF-8 -Dsun.stderr.encoding=UTF-8 kodlama.io.rentACar.RentACarApplication

Host: AMD Ryzen 5 3500U with Radeon Vega Mobile Gfx  , 8 cores, 6G,  Windows 11 , 64 bit Build 22621 (10.0.22621.2506)
Time: Sat Dec 30 22:28:45 2023 Türkiye Standart Saati elapsed time: 22.541013 seconds (0d 0h 0m 22s)

---------------  T H R E A D  ---------------

Current thread (0x000001cfda0143d0):  JavaThread "C2 CompilerThread0" daemon [_thread_in_native, id=12364, stack(0x00000056e8400000,0x00000056e8500000) (1024K)]


Current CompileTask:
C2:  22541 5140       4       org.springframework.beans.factory.support.AbstractBeanFactory::isTypeMatch (619 bytes)

Stack: [0x00000056e8400000,0x00000056e8500000]
Native frames: (J=compiled Java code, j=interpreted, Vv=VM code, C=native code)
V  [jvm.dll+0x6c8d39]
V  [jvm.dll+0x854091]
V  [jvm.dll+0x85630e]
V  [jvm.dll+0x8569e3]
V  [jvm.dll+0x2809a6]
V  [jvm.dll+0xc3e6d]
V  [jvm.dll+0xc4383]
V  [jvm.dll+0x2f3cbf]
V  [jvm.dll+0x5f3e46]
V  [jvm.dll+0x25291f]
V  [jvm.dll+0x24b200]
V  [jvm.dll+0x248cd3]
V  [jvm.dll+0x1c9b91]
V  [jvm.dll+0x2583e9]
V  [jvm.dll+0x2569ca]
V  [jvm.dll+0x3eef66]
V  [jvm.dll+0x7fd2c8]
V  [jvm.dll+0x6c748d]
C  [ucrtbase.dll+0x29363]
C  [KERNEL32.DLL+0x1257d]
C  [ntdll.dll+0x5aa58]


---------------  P R O C E S S  ---------------

Threads class SMR info:
_java_thread_list=0x000001d020950410, length=31, elements={
0x000001cfd9fffd80, 0x000001cfda0016c0, 0x000001cfda006470, 0x000001cfda007490,
0x000001cfda011f50, 0x000001cfda013100, 0x000001cfda0143d0, 0x000001cfda014e70,
0x000001cfda1eda90, 0x000001cfda3fc8d0, 0x000001cfda4336d0, 0x000001d0216b3560,
0x000001d0217b7160, 0x000001d0217b9230, 0x000001d0217b98c0, 0x000001d0217b9f50,
0x000001d0217b7e80, 0x000001d0217b8ba0, 0x000001d0217b8510, 0x000001d02160c100,
0x000001d02160eef0, 0x000001d02160fc10, 0x000001d02160a030, 0x000001d02160c790,
0x000001d0216099a0, 0x000001d02160b3e0, 0x000001d0216102a0, 0x000001d02160ce20,
0x000001d02160e1d0, 0x000001d02160f580, 0x000001d021610930
}

Java Threads: ( => current thread )
  0x000001cfd9fffd80 JavaThread "Reference Handler"          daemon [_thread_blocked, id=9780, stack(0x00000056e7e00000,0x00000056e7f00000) (1024K)]
  0x000001cfda0016c0 JavaThread "Finalizer"                  daemon [_thread_blocked, id=9332, stack(0x00000056e7f00000,0x00000056e8000000) (1024K)]
  0x000001cfda006470 JavaThread "Signal Dispatcher"          daemon [_thread_blocked, id=8964, stack(0x00000056e8000000,0x00000056e8100000) (1024K)]
  0x000001cfda007490 JavaThread "Attach Listener"            daemon [_thread_blocked, id=13384, stack(0x00000056e8100000,0x00000056e8200000) (1024K)]
  0x000001cfda011f50 JavaThread "Service Thread"             daemon [_thread_blocked, id=20164, stack(0x00000056e8200000,0x00000056e8300000) (1024K)]
  0x000001cfda013100 JavaThread "Monitor Deflation Thread"   daemon [_thread_blocked, id=11836, stack(0x00000056e8300000,0x00000056e8400000) (1024K)]
=>0x000001cfda0143d0 JavaThread "C2 CompilerThread0"         daemon [_thread_in_native, id=12364, stack(0x00000056e8400000,0x00000056e8500000) (1024K)]
  0x000001cfda014e70 JavaThread "C1 CompilerThread0"         daemon [_thread_blocked, id=9132, stack(0x00000056e8500000,0x00000056e8600000) (1024K)]
  0x000001cfda1eda90 JavaThread "Common-Cleaner"             daemon [_thread_blocked, id=15468, stack(0x00000056e8600000,0x00000056e8700000) (1024K)]
  0x000001cfda3fc8d0 JavaThread "Monitor Ctrl-Break"         daemon [_thread_in_native, id=13720, stack(0x00000056e8800000,0x00000056e8900000) (1024K)]
  0x000001cfda4336d0 JavaThread "Notification Thread"        daemon [_thread_blocked, id=18384, stack(0x00000056e8900000,0x00000056e8a00000) (1024K)]
  0x000001d0216b3560 JavaThread "Catalina-utility-1"                [_thread_blocked, id=1792, stack(0x00000056e9200000,0x00000056e9300000) (1024K)]
  0x000001d0217b7160 JavaThread "Catalina-utility-2"                [_thread_blocked, id=20616, stack(0x00000056e9400000,0x00000056e9500000) (1024K)]
  0x000001d0217b9230 JavaThread "container-0"                       [_thread_blocked, id=21008, stack(0x00000056e9500000,0x00000056e9600000) (1024K)]
  0x000001d0217b98c0 JavaThread "PostgreSQL-JDBC-Cleaner"    daemon [_thread_blocked, id=10244, stack(0x00000056e9700000,0x00000056e9800000) (1024K)]
  0x000001d0217b9f50 JavaThread "HikariPool-1 housekeeper"   daemon [_thread_blocked, id=8844, stack(0x00000056e9800000,0x00000056e9900000) (1024K)]
  0x000001d0217b7e80 JavaThread "File Watcher"               daemon [_thread_blocked, id=19736, stack(0x00000056e9900000,0x00000056e9a00000) (1024K)]
  0x000001d0217b8ba0 JavaThread "Live Reload Server"         daemon [_thread_in_native, id=3192, stack(0x00000056e9b00000,0x00000056e9c00000) (1024K)]
  0x000001d0217b8510 JavaThread "http-nio-8080-exec-1"       daemon [_thread_blocked, id=15660, stack(0x00000056e9a00000,0x00000056e9b00000) (1024K)]
  0x000001d02160c100 JavaThread "http-nio-8080-exec-2"       daemon [_thread_blocked, id=1132, stack(0x00000056e9c00000,0x00000056e9d00000) (1024K)]
  0x000001d02160eef0 JavaThread "http-nio-8080-exec-3"       daemon [_thread_blocked, id=17792, stack(0x00000056e9d00000,0x00000056e9e00000) (1024K)]
  0x000001d02160fc10 JavaThread "http-nio-8080-exec-4"       daemon [_thread_blocked, id=10812, stack(0x00000056e9e00000,0x00000056e9f00000) (1024K)]
  0x000001d02160a030 JavaThread "http-nio-8080-exec-5"       daemon [_thread_blocked, id=11596, stack(0x00000056e9f00000,0x00000056ea000000) (1024K)]
  0x000001d02160c790 JavaThread "http-nio-8080-exec-6"       daemon [_thread_blocked, id=20172, stack(0x00000056ea000000,0x00000056ea100000) (1024K)]
  0x000001d0216099a0 JavaThread "http-nio-8080-exec-7"       daemon [_thread_blocked, id=13844, stack(0x00000056ea100000,0x00000056ea200000) (1024K)]
  0x000001d02160b3e0 JavaThread "http-nio-8080-exec-8"       daemon [_thread_blocked, id=13900, stack(0x00000056ea200000,0x00000056ea300000) (1024K)]
  0x000001d0216102a0 JavaThread "http-nio-8080-exec-9"       daemon [_thread_blocked, id=15036, stack(0x00000056ea300000,0x00000056ea400000) (1024K)]
  0x000001d02160ce20 JavaThread "http-nio-8080-exec-10"      daemon [_thread_blocked, id=8276, stack(0x00000056ea400000,0x00000056ea500000) (1024K)]
  0x000001d02160e1d0 JavaThread "http-nio-8080-Poller"       daemon [_thread_in_native, id=5244, stack(0x00000056ea500000,0x00000056ea600000) (1024K)]
  0x000001d02160f580 JavaThread "http-nio-8080-Acceptor"     daemon [_thread_in_native, id=10204, stack(0x00000056ea600000,0x00000056ea700000) (1024K)]
  0x000001d021610930 JavaThread "DestroyJavaVM"                     [_thread_blocked, id=11472, stack(0x00000056e7600000,0x00000056e7700000) (1024K)]
Total: 31

Other Threads:
  0x000001cfd9fe3c40 VMThread "VM Thread"                           [id=18524, stack(0x00000056e7d00000,0x00000056e7e00000) (1024K)]
  0x000001cfd9fcadf0 WatcherThread "VM Periodic Task Thread"        [id=18124, stack(0x00000056e7c00000,0x00000056e7d00000) (1024K)]
  0x000001cfbdbc9970 WorkerThread "GC Thread#0"                     [id=12312, stack(0x00000056e7700000,0x00000056e7800000) (1024K)]
  0x000001cfdad65160 WorkerThread "GC Thread#1"                     [id=20280, stack(0x00000056e8b00000,0x00000056e8c00000) (1024K)]
  0x000001cfdad65500 WorkerThread "GC Thread#2"                     [id=3676, stack(0x00000056e8c00000,0x00000056e8d00000) (1024K)]
  0x000001cfdad658a0 WorkerThread "GC Thread#3"                     [id=13848, stack(0x00000056e8d00000,0x00000056e8e00000) (1024K)]
  0x000001cfdad6a4e0 WorkerThread "GC Thread#4"                     [id=15844, stack(0x00000056e8e00000,0x00000056e8f00000) (1024K)]
  0x000001d020027390 WorkerThread "GC Thread#5"                     [id=18412, stack(0x00000056e8f00000,0x00000056e9000000) (1024K)]
  0x000001d020054930 WorkerThread "GC Thread#6"                     [id=11976, stack(0x00000056e9000000,0x00000056e9100000) (1024K)]
  0x000001d020054cd0 WorkerThread "GC Thread#7"                     [id=11684, stack(0x00000056e9100000,0x00000056e9200000) (1024K)]
  0x000001cfbdbda8c0 ConcurrentGCThread "G1 Main Marker"            [id=19548, stack(0x00000056e7800000,0x00000056e7900000) (1024K)]
  0x000001cfbdbdb3c0 WorkerThread "G1 Conc#0"                       [id=20764, stack(0x00000056e7900000,0x00000056e7a00000) (1024K)]
  0x000001d02042e040 WorkerThread "G1 Conc#1"                       [id=3456, stack(0x00000056e9300000,0x00000056e9400000) (1024K)]
  0x000001cfbdc39a30 ConcurrentGCThread "G1 Refine#0"               [id=16104, stack(0x00000056e7a00000,0x00000056e7b00000) (1024K)]
  0x000001cfd9ea3720 ConcurrentGCThread "G1 Service"                [id=8732, stack(0x00000056e7b00000,0x00000056e7c00000) (1024K)]
Total: 15

Threads with active compile tasks:
C2 CompilerThread0    22648 5140       4       org.springframework.beans.factory.support.AbstractBeanFactory::isTypeMatch (619 bytes)
Total: 1

VM state: not at safepoint (normal execution)

VM Mutex/Monitor currently owned by a thread: None

Heap address: 0x0000000091000000, size: 1776 MB, Compressed Oops mode: 32-bit

CDS archive(s) mapped at: [0x000001cfdb000000-0x000001cfdbc90000-0x000001cfdbc90000), size 13172736, SharedBaseAddress: 0x000001cfdb000000, ArchiveRelocationMode: 1.
Compressed class space mapped at: 0x000001cfdc000000-0x000001d01c000000, reserved size: 1073741824
Narrow klass base: 0x000001cfdb000000, Narrow klass shift: 0, Narrow klass range: 0x100000000

GC Precious Log:
 CardTable entry size: 512
 Card Set container configuration: InlinePtr #cards 5 size 8 Array Of Cards #cards 12 size 40 Howl #buckets 4 coarsen threshold 1843 Howl Bitmap #cards 512 size 80 coarsen threshold 460 Card regions per heap region 1 cards per card region 2048
 CPUs: 8 total, 8 available
 Memory: 7103M
 Large Page Support: Disabled
 NUMA Support: Disabled
 Compressed Oops: Enabled (32-bit)
 Heap Region Size: 1M
 Heap Min Capacity: 8M
 Heap Initial Capacity: 112M
 Heap Max Capacity: 1776M
 Pre-touch: Disabled
 Parallel Workers: 8
 Concurrent Workers: 2
 Concurrent Refinement Workers: 8
 Periodic GC: Disabled

Heap:
 garbage-first heap   total 55296K, used 29249K [0x0000000091000000, 0x0000000100000000)
  region size 1024K, 5 young (5120K), 2 survivors (2048K)
 Metaspace       used 59983K, committed 60608K, reserved 1114112K
  class space    used 8162K, committed 8448K, reserved 1048576K

Heap Regions: E=young(eden), S=young(survivor), O=old, HS=humongous(starts), HC=humongous(continues), CS=collection set, F=free, TAMS=top-at-mark-start, PB=parsable bottom
|   0|0x0000000091000000, 0x0000000091100000, 0x0000000091100000|100%|HS|  |TAMS 0x0000000091000000| PB 0x0000000091000000| Complete 
|   1|0x0000000091100000, 0x0000000091200000, 0x0000000091200000|100%| O|  |TAMS 0x0000000091100000| PB 0x0000000091100000| Untracked 
|   2|0x0000000091200000, 0x0000000091300000, 0x0000000091300000|100%| O|  |TAMS 0x0000000091200000| PB 0x0000000091200000| Untracked 
|   3|0x0000000091300000, 0x0000000091400000, 0x0000000091400000|100%| O|  |TAMS 0x0000000091300000| PB 0x0000000091300000| Untracked 
|   4|0x0000000091400000, 0x0000000091500000, 0x0000000091500000|100%| O|  |TAMS 0x0000000091400000| PB 0x0000000091400000| Untracked 
|   5|0x0000000091500000, 0x0000000091600000, 0x0000000091600000|100%| O|  |TAMS 0x0000000091500000| PB 0x0000000091500000| Untracked 
|   6|0x0000000091600000, 0x0000000091700000, 0x0000000091700000|100%| O|  |TAMS 0x0000000091600000| PB 0x0000000091600000| Untracked 
|   7|0x0000000091700000, 0x0000000091800000, 0x0000000091800000|100%| O|  |TAMS 0x0000000091700000| PB 0x0000000091700000| Untracked 
|   8|0x0000000091800000, 0x0000000091900000, 0x0000000091900000|100%| O|  |TAMS 0x0000000091800000| PB 0x0000000091800000| Untracked 
|   9|0x0000000091900000, 0x0000000091a00000, 0x0000000091a00000|100%| O|  |TAMS 0x0000000091900000| PB 0x0000000091900000| Untracked 
|  10|0x0000000091a00000, 0x0000000091b00000, 0x0000000091b00000|100%| O|  |TAMS 0x0000000091a00000| PB 0x0000000091a00000| Untracked 
|  11|0x0000000091b00000, 0x0000000091c00000, 0x0000000091c00000|100%| O|  |TAMS 0x0000000091b00000| PB 0x0000000091b00000| Untracked 
|  12|0x0000000091c00000, 0x0000000091d00000, 0x0000000091d00000|100%| O|Cm|TAMS 0x0000000091c00000| PB 0x0000000091c00000| Complete 
|  13|0x0000000091d00000, 0x0000000091e00000, 0x0000000091e00000|100%| O|  |TAMS 0x0000000091d00000| PB 0x0000000091d00000| Untracked 
|  14|0x0000000091e00000, 0x0000000091f00000, 0x0000000091f00000|100%| O|  |TAMS 0x0000000091e00000| PB 0x0000000091e00000| Untracked 
|  15|0x0000000091f00000, 0x0000000092000000, 0x0000000092000000|100%| O|  |TAMS 0x0000000091f00000| PB 0x0000000091f00000| Untracked 
|  16|0x0000000092000000, 0x0000000092100000, 0x0000000092100000|100%| O|  |TAMS 0x0000000092000000| PB 0x0000000092000000| Untracked 
|  17|0x0000000092100000, 0x0000000092200000, 0x0000000092200000|100%| O|  |TAMS 0x0000000092100000| PB 0x0000000092100000| Untracked 
|  18|0x0000000092200000, 0x0000000092300000, 0x0000000092300000|100%| O|  |TAMS 0x0000000092200000| PB 0x0000000092200000| Untracked 
|  19|0x0000000092300000, 0x0000000092400000, 0x0000000092400000|100%| O|  |TAMS 0x0000000092300000| PB 0x0000000092300000| Untracked 
|  20|0x0000000092400000, 0x0000000092500000, 0x0000000092500000|100%| O|  |TAMS 0x0000000092400000| PB 0x0000000092400000| Untracked 
|  21|0x0000000092500000, 0x0000000092600000, 0x0000000092600000|100%| O|  |TAMS 0x0000000092500000| PB 0x0000000092500000| Untracked 
|  22|0x0000000092600000, 0x0000000092700000, 0x0000000092700000|100%| O|  |TAMS 0x0000000092600000| PB 0x0000000092600000| Untracked 
|  23|0x0000000092700000, 0x0000000092800000, 0x0000000092800000|100%| O|  |TAMS 0x0000000092700000| PB 0x0000000092700000| Untracked 
|  24|0x0000000092800000, 0x0000000092900000, 0x0000000092900000|100%| O|  |TAMS 0x0000000092800000| PB 0x0000000092800000| Untracked 
|  25|0x0000000092900000, 0x0000000092900000, 0x0000000092a00000|  0%| F|  |TAMS 0x0000000092900000| PB 0x0000000092900000| Untracked 
|  26|0x0000000092a00000, 0x0000000092a7a7d8, 0x0000000092b00000| 47%| O|  |TAMS 0x0000000092a00000| PB 0x0000000092a00000| Untracked 
|  27|0x0000000092b00000, 0x0000000092b00000, 0x0000000092c00000|  0%| F|  |TAMS 0x0000000092b00000| PB 0x0000000092b00000| Untracked 
|  28|0x0000000092c00000, 0x0000000092c00000, 0x0000000092d00000|  0%| F|  |TAMS 0x0000000092c00000| PB 0x0000000092c00000| Untracked 
|  29|0x0000000092d00000, 0x0000000092d00000, 0x0000000092e00000|  0%| F|  |TAMS 0x0000000092d00000| PB 0x0000000092d00000| Untracked 
|  30|0x0000000092e00000, 0x0000000092e00000, 0x0000000092f00000|  0%| F|  |TAMS 0x0000000092e00000| PB 0x0000000092e00000| Untracked 
|  31|0x0000000092f00000, 0x0000000092f00000, 0x0000000093000000|  0%| F|  |TAMS 0x0000000092f00000| PB 0x0000000092f00000| Untracked 
|  32|0x0000000093000000, 0x0000000093000000, 0x0000000093100000|  0%| F|  |TAMS 0x0000000093000000| PB 0x0000000093000000| Untracked 
|  33|0x0000000093100000, 0x0000000093100000, 0x0000000093200000|  0%| F|  |TAMS 0x0000000093100000| PB 0x0000000093100000| Untracked 
|  34|0x0000000093200000, 0x0000000093200000, 0x0000000093300000|  0%| F|  |TAMS 0x0000000093200000| PB 0x0000000093200000| Untracked 
|  35|0x0000000093300000, 0x0000000093300000, 0x0000000093400000|  0%| F|  |TAMS 0x0000000093300000| PB 0x0000000093300000| Untracked 
|  36|0x0000000093400000, 0x0000000093400000, 0x0000000093500000|  0%| F|  |TAMS 0x0000000093400000| PB 0x0000000093400000| Untracked 
|  37|0x0000000093500000, 0x0000000093500000, 0x0000000093600000|  0%| F|  |TAMS 0x0000000093500000| PB 0x0000000093500000| Untracked 
|  38|0x0000000093600000, 0x0000000093600000, 0x0000000093700000|  0%| F|  |TAMS 0x0000000093600000| PB 0x0000000093600000| Untracked 
|  39|0x0000000093700000, 0x0000000093700000, 0x0000000093800000|  0%| F|  |TAMS 0x0000000093700000| PB 0x0000000093700000| Untracked 
|  40|0x0000000093800000, 0x0000000093800000, 0x0000000093900000|  0%| F|  |TAMS 0x0000000093800000| PB 0x0000000093800000| Untracked 
|  41|0x0000000093900000, 0x0000000093900000, 0x0000000093a00000|  0%| F|  |TAMS 0x0000000093900000| PB 0x0000000093900000| Untracked 
|  42|0x0000000093a00000, 0x0000000093a00000, 0x0000000093b00000|  0%| F|  |TAMS 0x0000000093a00000| PB 0x0000000093a00000| Untracked 
|  43|0x0000000093b00000, 0x0000000093b00000, 0x0000000093c00000|  0%| F|  |TAMS 0x0000000093b00000| PB 0x0000000093b00000| Untracked 
|  44|0x0000000093c00000, 0x0000000093c00000, 0x0000000093d00000|  0%| F|  |TAMS 0x0000000093c00000| PB 0x0000000093c00000| Untracked 
|  45|0x0000000093d00000, 0x0000000093d15e88, 0x0000000093e00000|  8%| S|CS|TAMS 0x0000000093d00000| PB 0x0000000093d00000| Complete 
|  65|0x0000000095100000, 0x0000000095200000, 0x0000000095200000|100%| S|CS|TAMS 0x0000000095100000| PB 0x0000000095100000| Complete 
|  66|0x0000000095200000, 0x0000000095200000, 0x0000000095300000|  0%| F|  |TAMS 0x0000000095200000| PB 0x0000000095200000| Untracked 
|  67|0x0000000095300000, 0x0000000095300000, 0x0000000095400000|  0%| F|  |TAMS 0x0000000095300000| PB 0x0000000095300000| Untracked 
|  68|0x0000000095400000, 0x0000000095400000, 0x0000000095500000|  0%| F|  |TAMS 0x0000000095400000| PB 0x0000000095400000| Untracked 
|  69|0x0000000095500000, 0x0000000095500000, 0x0000000095600000|  0%| F|  |TAMS 0x0000000095500000| PB 0x0000000095500000| Untracked 
|  70|0x0000000095600000, 0x00000000956170a8, 0x0000000095700000|  9%| E|  |TAMS 0x0000000095600000| PB 0x0000000095600000| Complete 
| 110|0x0000000097e00000, 0x0000000097f00000, 0x0000000097f00000|100%| E|CS|TAMS 0x0000000097e00000| PB 0x0000000097e00000| Complete 
| 111|0x0000000097f00000, 0x0000000098000000, 0x0000000098000000|100%| E|CS|TAMS 0x0000000097f00000| PB 0x0000000097f00000| Complete 

Card table byte_map: [0x000001cfd5690000,0x000001cfd5a10000] _byte_map_base: 0x000001cfd5208000

Marking Bits: (CMBitMap*) 0x000001cfbdbca880
 Bits: [0x000001cfd5a10000, 0x000001cfd75d0000)

Polling page: 0x000001cfbd340000

Metaspace:

Usage:
  Non-class:     50.61 MB used.
      Class:      7.97 MB used.
       Both:     58.58 MB used.

Virtual space:
  Non-class space:       64.00 MB reserved,      50.94 MB ( 80%) committed,  1 nodes.
      Class space:        1.00 GB reserved,       8.25 MB ( <1%) committed,  1 nodes.
             Both:        1.06 GB reserved,      59.19 MB (  5%) committed. 

Chunk freelists:
   Non-Class:  12.95 MB
       Class:  7.64 MB
        Both:  20.59 MB

MaxMetaspaceSize: unlimited
CompressedClassSpaceSize: 1.00 GB
Initial GC threshold: 21.00 MB
Current GC threshold: 98.56 MB
CDS: on
 - commit_granule_bytes: 65536.
 - commit_granule_words: 8192.
 - virtual_space_node_default_size: 8388608.
 - enlarge_chunks_in_place: 1.
 - use_allocation_guard: 0.


Internal statistics:

num_allocs_failed_limit: 9.
num_arena_births: 866.
num_arena_deaths: 0.
num_vsnodes_births: 2.
num_vsnodes_deaths: 0.
num_space_committed: 947.
num_space_uncommitted: 0.
num_chunks_returned_to_freelist: 9.
num_chunks_taken_from_freelist: 3040.
num_chunk_merges: 9.
num_chunk_splits: 2185.
num_chunks_enlarged: 1687.
num_inconsistent_stats: 0.

CodeHeap 'non-profiled nmethods': size=120000Kb used=2226Kb max_used=2395Kb free=117773Kb
 bounds [0x000001cfcdaa0000, 0x000001cfcdd10000, 0x000001cfd4fd0000]
CodeHeap 'profiled nmethods': size=120000Kb used=8516Kb max_used=9266Kb free=111483Kb
 bounds [0x000001cfc5fd0000, 0x000001cfc68e0000, 0x000001cfcd500000]
CodeHeap 'non-nmethods': size=5760Kb used=1630Kb max_used=1675Kb free=4129Kb
 bounds [0x000001cfcd500000, 0x000001cfcd770000, 0x000001cfcdaa0000]
 total_blobs=5202 nmethods=4525 adapters=581
 compilation: enabled
              stopped_count=0, restarted_count=0
 full_count=0

Compilation events (20 events):
Event: 21.979 Thread 0x000001cfda014e70 5179       1       org.springframework.boot.autoconfigure.condition.ConditionEvaluationReport$ConditionAndOutcome::getOutcome (5 bytes)
Event: 21.980 Thread 0x000001cfda014e70 nmethod 5179 0x000001cfcdb37710 code [0x000001cfcdb378a0, 0x000001cfcdb37968]
Event: 21.984 Thread 0x000001cfda014e70 5180       2       java.util.TreeMap::forEach (58 bytes)
Event: 21.985 Thread 0x000001cfda014e70 nmethod 5180 0x000001cfc6305b90 code [0x000001cfc6305d80, 0x000001cfc6306188]
Event: 21.986 Thread 0x000001cfda014e70 5181 %     3       java.util.TreeMap::forEach @ 15 (58 bytes)
Event: 21.987 Thread 0x000001cfda014e70 nmethod 5181% 0x000001cfc60b6d10 code [0x000001cfc60b6f40, 0x000001cfc60b76c0]
Event: 21.989 Thread 0x000001cfda014e70 5185       2       org.springframework.boot.autoconfigure.condition.ConditionEvaluationReport$$Lambda/0x000001cfdc858d38::accept (16 bytes)
Event: 21.992 Thread 0x000001cfda014e70 nmethod 5185 0x000001cfc62dfc90 code [0x000001cfc62dff20, 0x000001cfc62e0638]
Event: 21.993 Thread 0x000001cfda014e70 5186       2       org.springframework.boot.autoconfigure.condition.ConditionEvaluationReport::lambda$getConditionAndOutcomesBySource$1 (13 bytes)
Event: 21.996 Thread 0x000001cfda014e70 nmethod 5186 0x000001cfc61da210 code [0x000001cfc61da4a0, 0x000001cfc61dab30]
Event: 21.996 Thread 0x000001cfda014e70 5187   !   3       org.springframework.util.ConcurrentReferenceHashMap$Segment::doTask (179 bytes)
Event: 22.001 Thread 0x000001cfda014e70 nmethod 5187 0x000001cfc6112f90 code [0x000001cfc6113360, 0x000001cfc6114d28]
Event: 22.001 Thread 0x000001cfda014e70 5188       2       java.lang.StringBuilder::append (8 bytes)
Event: 22.002 Thread 0x000001cfda014e70 nmethod 5188 0x000001cfc6040310 code [0x000001cfc60404c0, 0x000001cfc60405f8]
Event: 22.002 Thread 0x000001cfda014e70 5189       2       java.lang.AbstractStringBuilder::append (60 bytes)
Event: 22.003 Thread 0x000001cfda014e70 nmethod 5189 0x000001cfc6014110 code [0x000001cfc60142e0, 0x000001cfc60144f8]
Event: 22.026 Thread 0x000001cfda014e70 5190       3       java.util.IdentityHashMap::nextKeyIndex (15 bytes)
Event: 22.026 Thread 0x000001cfda014e70 nmethod 5190 0x000001cfc6056790 code [0x000001cfc6056920, 0x000001cfc6056a68]
Event: 22.077 Thread 0x000001cfda0143d0 nmethod 4883 0x000001cfcdc0c110 code [0x000001cfcdc0c740, 0x000001cfcdc10c80]
Event: 22.081 Thread 0x000001cfda0143d0 5140       4       org.springframework.beans.factory.support.AbstractBeanFactory::isTypeMatch (619 bytes)

GC Heap History (20 events):
Event: 4.577 GC heap before
{Heap before GC invocations=1 (full 0):
 garbage-first heap   total 114688K, used 35743K [0x0000000091000000, 0x0000000100000000)
  region size 1024K, 31 young (31744K), 3 survivors (3072K)
 Metaspace       used 13347K, committed 13632K, reserved 1114112K
  class space    used 1736K, committed 1856K, reserved 1048576K
}
Event: 4.588 GC heap after
{Heap after GC invocations=2 (full 0):
 garbage-first heap   total 114688K, used 9711K [0x0000000091000000, 0x0000000100000000)
  region size 1024K, 3 young (3072K), 3 survivors (3072K)
 Metaspace       used 13347K, committed 13632K, reserved 1114112K
  class space    used 1736K, committed 1856K, reserved 1048576K
}
Event: 6.093 GC heap before
{Heap before GC invocations=2 (full 0):
 garbage-first heap   total 114688K, used 46575K [0x0000000091000000, 0x0000000100000000)
  region size 1024K, 41 young (41984K), 3 survivors (3072K)
 Metaspace       used 21213K, committed 21504K, reserved 1114112K
  class space    used 2653K, committed 2816K, reserved 1048576K
}
Event: 6.105 GC heap after
{Heap after GC invocations=3 (full 0):
 garbage-first heap   total 114688K, used 13389K [0x0000000091000000, 0x0000000100000000)
  region size 1024K, 6 young (6144K), 6 survivors (6144K)
 Metaspace       used 21213K, committed 21504K, reserved 1114112K
  class space    used 2653K, committed 2816K, reserved 1048576K
}
Event: 8.699 GC heap before
{Heap before GC invocations=4 (full 0):
 garbage-first heap   total 55296K, used 40013K [0x0000000091000000, 0x0000000100000000)
  region size 1024K, 32 young (32768K), 6 survivors (6144K)
 Metaspace       used 25125K, committed 25536K, reserved 1114112K
  class space    used 3188K, committed 3392K, reserved 1048576K
}
Event: 8.710 GC heap after
{Heap after GC invocations=5 (full 0):
 garbage-first heap   total 55296K, used 15195K [0x0000000091000000, 0x0000000100000000)
  region size 1024K, 3 young (3072K), 3 survivors (3072K)
 Metaspace       used 25125K, committed 25536K, reserved 1114112K
  class space    used 3188K, committed 3392K, reserved 1048576K
}
Event: 10.554 GC heap before
{Heap before GC invocations=5 (full 0):
 garbage-first heap   total 55296K, used 40795K [0x0000000091000000, 0x0000000100000000)
  region size 1024K, 28 young (28672K), 3 survivors (3072K)
 Metaspace       used 30267K, committed 30784K, reserved 1114112K
  class space    used 3883K, committed 4096K, reserved 1048576K
}
Event: 10.562 GC heap after
{Heap after GC invocations=6 (full 0):
 garbage-first heap   total 55296K, used 17895K [0x0000000091000000, 0x0000000100000000)
  region size 1024K, 3 young (3072K), 3 survivors (3072K)
 Metaspace       used 30267K, committed 30784K, reserved 1114112K
  class space    used 3883K, committed 4096K, reserved 1048576K
}
Event: 12.357 GC heap before
{Heap before GC invocations=6 (full 0):
 garbage-first heap   total 55296K, used 42471K [0x0000000091000000, 0x0000000100000000)
  region size 1024K, 28 young (28672K), 3 survivors (3072K)
 Metaspace       used 35557K, committed 36096K, reserved 1114112K
  class space    used 4627K, committed 4864K, reserved 1048576K
}
Event: 12.365 GC heap after
{Heap after GC invocations=7 (full 0):
 garbage-first heap   total 55296K, used 19579K [0x0000000091000000, 0x0000000100000000)
  region size 1024K, 2 young (2048K), 2 survivors (2048K)
 Metaspace       used 35557K, committed 36096K, reserved 1114112K
  class space    used 4627K, committed 4864K, reserved 1048576K
}
Event: 14.775 GC heap before
{Heap before GC invocations=8 (full 0):
 garbage-first heap   total 55296K, used 45179K [0x0000000091000000, 0x0000000100000000)
  region size 1024K, 27 young (27648K), 2 survivors (2048K)
 Metaspace       used 43040K, committed 43584K, reserved 1114112K
  class space    used 5687K, committed 5952K, reserved 1048576K
}
Event: 14.781 GC heap after
{Heap after GC invocations=9 (full 0):
 garbage-first heap   total 55296K, used 21122K [0x0000000091000000, 0x0000000100000000)
  region size 1024K, 4 young (4096K), 4 survivors (4096K)
 Metaspace       used 43040K, committed 43584K, reserved 1114112K
  class space    used 5687K, committed 5952K, reserved 1048576K
}
Event: 17.205 GC heap before
{Heap before GC invocations=9 (full 0):
 garbage-first heap   total 55296K, used 44674K [0x0000000091000000, 0x0000000100000000)
  region size 1024K, 28 young (28672K), 4 survivors (4096K)
 Metaspace       used 50880K, committed 51456K, reserved 1114112K
  class space    used 6893K, committed 7168K, reserved 1048576K
}
Event: 17.216 GC heap after
{Heap after GC invocations=10 (full 0):
 garbage-first heap   total 55296K, used 22390K [0x0000000091000000, 0x0000000100000000)
  region size 1024K, 4 young (4096K), 4 survivors (4096K)
 Metaspace       used 50880K, committed 51456K, reserved 1114112K
  class space    used 6893K, committed 7168K, reserved 1048576K
}
Event: 19.953 GC heap before
{Heap before GC invocations=10 (full 0):
 garbage-first heap   total 55296K, used 44918K [0x0000000091000000, 0x0000000100000000)
  region size 1024K, 27 young (27648K), 4 survivors (4096K)
 Metaspace       used 56676K, committed 57280K, reserved 1114112K
  class space    used 7695K, committed 7936K, reserved 1048576K
}
Event: 19.965 GC heap after
{Heap after GC invocations=11 (full 0):
 garbage-first heap   total 55296K, used 24178K [0x0000000091000000, 0x0000000100000000)
  region size 1024K, 4 young (4096K), 4 survivors (4096K)
 Metaspace       used 56676K, committed 57280K, reserved 1114112K
  class space    used 7695K, committed 7936K, reserved 1048576K
}
Event: 21.397 GC heap before
{Heap before GC invocations=11 (full 0):
 garbage-first heap   total 55296K, used 45682K [0x0000000091000000, 0x0000000100000000)
  region size 1024K, 25 young (25600K), 4 survivors (4096K)
 Metaspace       used 59068K, committed 59712K, reserved 1114112K
  class space    used 8021K, committed 8256K, reserved 1048576K
}
Event: 21.403 GC heap after
{Heap after GC invocations=12 (full 0):
 garbage-first heap   total 55296K, used 26371K [0x0000000091000000, 0x0000000100000000)
  region size 1024K, 4 young (4096K), 4 survivors (4096K)
 Metaspace       used 59068K, committed 59712K, reserved 1114112K
  class space    used 8021K, committed 8256K, reserved 1048576K
}
Event: 21.808 GC heap before
{Heap before GC invocations=12 (full 0):
 garbage-first heap   total 55296K, used 32515K [0x0000000091000000, 0x0000000100000000)
  region size 1024K, 11 young (11264K), 4 survivors (4096K)
 Metaspace       used 59751K, committed 60416K, reserved 1114112K
  class space    used 8120K, committed 8448K, reserved 1048576K
}
Event: 21.818 GC heap after
{Heap after GC invocations=13 (full 0):
 garbage-first heap   total 55296K, used 27201K [0x0000000091000000, 0x0000000100000000)
  region size 1024K, 2 young (2048K), 2 survivors (2048K)
 Metaspace       used 59751K, committed 60416K, reserved 1114112K
  class space    used 8120K, committed 8448K, reserved 1048576K
}

Dll operation events (14 events):
Event: 0.029 Loaded shared library C:\Program Files\Java\jdk-21\bin\java.dll
Event: 0.116 Loaded shared library C:\Program Files\Java\jdk-21\bin\jsvml.dll
Event: 0.429 Loaded shared library C:\Program Files\Java\jdk-21\bin\zip.dll
Event: 0.443 Loaded shared library C:\Program Files\Java\jdk-21\bin\instrument.dll
Event: 0.458 Loaded shared library C:\Program Files\Java\jdk-21\bin\net.dll
Event: 0.466 Loaded shared library C:\Program Files\Java\jdk-21\bin\nio.dll
Event: 0.477 Loaded shared library C:\Program Files\Java\jdk-21\bin\zip.dll
Event: 0.993 Loaded shared library D:\JetBrains\IntelliJ IDEA Community Edition 2023.2.2\bin\breakgen64.dll
Event: 1.019 Loaded shared library C:\Program Files\Java\jdk-21\bin\extnet.dll
Event: 1.120 Loaded shared library C:\Program Files\Java\jdk-21\bin\jimage.dll
Event: 2.225 Loaded shared library C:\Program Files\Java\jdk-21\bin\management.dll
Event: 2.229 Loaded shared library C:\Program Files\Java\jdk-21\bin\management_ext.dll
Event: 6.075 Loaded shared library C:\Program Files\Java\jdk-21\bin\sunmscapi.dll
Event: 12.413 Loaded shared library C:\Program Files\Java\jdk-21\bin\verify.dll

Deoptimization events (20 events):
Event: 21.440 Thread 0x000001cfdacccf80 Uncommon trap: trap_request=0xffffff45 fr.pc=0x000001cfcdc46b10 relative=0x0000000000000850
Event: 21.440 Thread 0x000001cfdacccf80 Uncommon trap: reason=unstable_if action=reinterpret pc=0x000001cfcdc46b10 method=org.springframework.beans.factory.support.DefaultSingletonBeanRegistry.getSingleton(Ljava/lang/String;Z)Ljava/lang/Object; @ 39 c2
Event: 21.440 Thread 0x000001cfdacccf80 DEOPT PACKING pc=0x000001cfcdc46b10 sp=0x00000056e8afdfe0
Event: 21.440 Thread 0x000001cfdacccf80 DEOPT UNPACKING pc=0x000001cfcd5546a2 sp=0x00000056e8afdf78 mode 2
Event: 21.509 Thread 0x000001cfdacccf80 Uncommon trap: trap_request=0xfffffff4 fr.pc=0x000001cfcdbd92f8 relative=0x0000000000000298
Event: 21.509 Thread 0x000001cfdacccf80 Uncommon trap: reason=null_check action=make_not_entrant pc=0x000001cfcdbd92f8 method=org.springframework.util.ClassUtils.isAssignable(Ljava/lang/Class;Ljava/lang/Class;)Z @ 14 c2
Event: 21.509 Thread 0x000001cfdacccf80 DEOPT PACKING pc=0x000001cfcdbd92f8 sp=0x00000056e8afe430
Event: 21.509 Thread 0x000001cfdacccf80 DEOPT UNPACKING pc=0x000001cfcd5546a2 sp=0x00000056e8afe3c0 mode 2
Event: 21.743 Thread 0x000001cfdacccf80 Uncommon trap: trap_request=0xffffff45 fr.pc=0x000001cfcdb2140c relative=0x000000000000006c
Event: 21.743 Thread 0x000001cfdacccf80 Uncommon trap: reason=unstable_if action=reinterpret pc=0x000001cfcdb2140c method=org.springframework.util.ConcurrentReferenceHashMap$Segment.clear()V @ 7 c2
Event: 21.744 Thread 0x000001cfdacccf80 DEOPT PACKING pc=0x000001cfcdb2140c sp=0x00000056e8afed80
Event: 21.744 Thread 0x000001cfdacccf80 DEOPT UNPACKING pc=0x000001cfcd5546a2 sp=0x00000056e8afed10 mode 2
Event: 21.749 Thread 0x000001cfdacccf80 Uncommon trap: trap_request=0xffffff45 fr.pc=0x000001cfcdb42938 relative=0x00000000000000f8
Event: 21.749 Thread 0x000001cfdacccf80 Uncommon trap: reason=unstable_if action=reinterpret pc=0x000001cfcdb42938 method=java.lang.ref.ReferenceQueue.poll()Ljava/lang/ref/Reference; @ 4 c2
Event: 21.749 Thread 0x000001cfdacccf80 DEOPT PACKING pc=0x000001cfcdb42938 sp=0x00000056e8afeaa0
Event: 21.749 Thread 0x000001cfdacccf80 DEOPT UNPACKING pc=0x000001cfcd5546a2 sp=0x00000056e8afe968 mode 2
Event: 22.011 Thread 0x000001cfdacccf80 Uncommon trap: trap_request=0xffffff45 fr.pc=0x000001cfcdbd8bf8 relative=0x00000000000001b8
Event: 22.011 Thread 0x000001cfdacccf80 Uncommon trap: reason=unstable_if action=reinterpret pc=0x000001cfcdbd8bf8 method=java.util.IdentityHashMap.nextKeyIndex(II)I @ 4 c2
Event: 22.011 Thread 0x000001cfdacccf80 DEOPT PACKING pc=0x000001cfcdbd8bf8 sp=0x00000056e8afe660
Event: 22.011 Thread 0x000001cfdacccf80 DEOPT UNPACKING pc=0x000001cfcd5546a2 sp=0x00000056e8afe568 mode 2

Classes loaded (20 events):
Event: 22.029 Loading class java/beans/WeakIdentityMap done
Event: 22.029 Loading class java/beans/ThreadGroupContext$1 done
Event: 22.029 Loading class java/beans/WeakIdentityMap$Entry
Event: 22.029 Loading class java/beans/WeakIdentityMap$Entry done
Event: 22.029 Loading class com/sun/beans/introspect/ClassInfo
Event: 22.030 Loading class com/sun/beans/introspect/ClassInfo done
Event: 22.030 Loading class com/sun/beans/introspect/ClassInfo$1
Event: 22.031 Loading class com/sun/beans/util/Cache
Event: 22.032 Loading class com/sun/beans/util/Cache done
Event: 22.032 Loading class com/sun/beans/introspect/ClassInfo$1 done
Event: 22.032 Loading class com/sun/beans/util/Cache$Kind
Event: 22.033 Loading class com/sun/beans/util/Cache$Kind done
Event: 22.034 Loading class com/sun/beans/util/Cache$Kind$1
Event: 22.035 Loading class com/sun/beans/util/Cache$Kind$1 done
Event: 22.035 Loading class com/sun/beans/util/Cache$Kind$2
Event: 22.035 Loading class com/sun/beans/util/Cache$Kind$2 done
Event: 22.035 Loading class com/sun/beans/util/Cache$Kind$3
Event: 22.036 Loading class com/sun/beans/util/Cache$Kind$3 done
Event: 22.036 Loading class com/sun/beans/util/Cache$CacheEntry
Event: 22.037 Loading class com/sun/beans/util/Cache$CacheEntry done

Classes unloaded (0 events):
No events

Classes redefined (0 events):
No events

Internal exceptions (20 events):
Event: 18.075 Thread 0x000001cfdacccf80 Exception <a 'java/lang/NoSuchMethodError'{0x00000000952995b8}: 'java.lang.Object java.lang.invoke.DirectMethodHandle$Holder.newInvokeSpecial(java.lang.Object, java.lang.Object, java.lang.Object, java.lang.Object, java.lang.Object, java.lang.Object)'> (0x00000000952995b8) 
thrown [s\open\src\hotspot\share\interpreter\linkResolver.cpp, line 773]
Event: 18.108 Thread 0x000001cfdacccf80 Exception <a 'java/lang/NoSuchMethodError'{0x0000000095107210}: 'java.lang.Object java.lang.invoke.DirectMethodHandle$Holder.newInvokeSpecial(java.lang.Object, java.lang.Object, java.lang.Object, java.lang.Object, java.lang.Object, java.lang.Object, java.lang.Object, int)'> (0x0000000095107210) 
thrown [s\open\src\hotspot\share\interpreter\linkResolver.cpp, line 773]
Event: 18.110 Thread 0x000001cfdacccf80 Exception <a 'java/lang/NoSuchMethodError'{0x000000009510b770}: 'java.lang.Object java.lang.invoke.DirectMethodHandle$Holder.invokeSpecial(java.lang.Object, java.lang.Object, java.lang.Object, java.lang.Object, java.lang.Object, java.lang.Object, java.lang.Object, java.lang.Object, int)'> (0x000000009510b770) 
thrown [s\open\src\hotspot\share\interpreter\linkResolver.cpp, line 773]
Event: 18.111 Thread 0x000001cfdacccf80 Exception <a 'java/lang/NoSuchMethodError'{0x000000009510f788}: 'java.lang.Object java.lang.invoke.Invokers$Holder.linkToTargetMethod(java.lang.Object, java.lang.Object, java.lang.Object, java.lang.Object, java.lang.Object, java.lang.Object, int, java.lang.Object)'> (0x000000009510f788) 
thrown [s\open\src\hotspot\share\interpreter\linkResolver.cpp, line 773]
Event: 18.231 Thread 0x000001cfdacccf80 Exception <a 'java/lang/NoSuchMethodError'{0x00000000951c3ac0}: 'void java.lang.invoke.DirectMethodHandle$Holder.invokeInterface(java.lang.Object, java.lang.Object)'> (0x00000000951c3ac0) 
thrown [s\open\src\hotspot\share\interpreter\linkResolver.cpp, line 773]
Event: 18.930 Thread 0x000001cfdacccf80 Exception <a 'java/lang/NoSuchMethodError'{0x0000000093a34368}: 'void java.lang.invoke.Invokers$Holder.invokeExact_MT(java.lang.Object, java.lang.Object, java.lang.Object, java.lang.Object)'> (0x0000000093a34368) 
thrown [s\open\src\hotspot\share\interpreter\linkResolver.cpp, line 773]
Event: 19.198 Thread 0x000001cfdacccf80 Exception <a 'java/lang/IncompatibleClassChangeError'{0x0000000093789520}: Found class java.lang.Object, but interface was expected> (0x0000000093789520) 
thrown [s\open\src\hotspot\share\interpreter\linkResolver.cpp, line 840]
Event: 19.235 Thread 0x000001cfdacccf80 Exception <a 'java/lang/IncompatibleClassChangeError'{0x00000000937fe390}: Found class java.lang.Object, but interface was expected> (0x00000000937fe390) 
thrown [s\open\src\hotspot\share\interpreter\linkResolver.cpp, line 840]
Event: 19.375 Thread 0x000001cfdacccf80 Exception <a 'java/lang/IncompatibleClassChangeError'{0x00000000935495e0}: Found class java.lang.Object, but interface was expected> (0x00000000935495e0) 
thrown [s\open\src\hotspot\share\interpreter\linkResolver.cpp, line 840]
Event: 19.884 Thread 0x000001cfdacccf80 Exception <a 'java/lang/IncompatibleClassChangeError'{0x00000000930f88a8}: Found class java.lang.Object, but interface was expected> (0x00000000930f88a8) 
thrown [s\open\src\hotspot\share\interpreter\linkResolver.cpp, line 840]
Event: 20.219 Thread 0x000001cfdacccf80 Exception <a 'java/lang/NoSuchMethodError'{0x00000000954fa1e0}: 'java.lang.Object java.lang.invoke.DirectMethodHandle$Holder.invokeInterface(java.lang.Object, java.lang.Object, java.lang.Object, java.lang.Object)'> (0x00000000954fa1e0) 
thrown [s\open\src\hotspot\share\interpreter\linkResolver.cpp, line 773]
Event: 20.358 Thread 0x000001cfdacccf80 Exception <a 'java/lang/NoSuchMethodError'{0x00000000952b51f0}: 'java.lang.Object java.lang.invoke.DirectMethodHandle$Holder.newInvokeSpecial(java.lang.Object, java.lang.Object, java.lang.Object, java.lang.Object, java.lang.Object, java.lang.Object, java.lang.Object, java.lang.Object)'> (0x00000000952b51f0) 
thrown [s\open\src\hotspot\share\interpreter\linkResolver.cpp, line 773]
Event: 21.125 Thread 0x000001cfdacccf80 Exception <a 'java/lang/IncompatibleClassChangeError'{0x00000000935a7df0}: Found class java.lang.Object, but interface was expected> (0x00000000935a7df0) 
thrown [s\open\src\hotspot\share\interpreter\linkResolver.cpp, line 840]
Event: 21.267 Thread 0x000001cfdacccf80 Exception <a 'java/lang/NoSuchMethodError'{0x00000000933384c0}: 'void java.lang.invoke.DirectMethodHandle$Holder.invokeVirtual(java.lang.Object, java.lang.Object, long)'> (0x00000000933384c0) 
thrown [s\open\src\hotspot\share\interpreter\linkResolver.cpp, line 773]
Event: 21.481 Thread 0x000001cfdacccf80 Exception <a 'java/lang/IncompatibleClassChangeError'{0x0000000097e3c6a0}: Found class java.lang.Object, but interface was expected> (0x0000000097e3c6a0) 
thrown [s\open\src\hotspot\share\interpreter\linkResolver.cpp, line 840]
Event: 21.509 Thread 0x000001cfdacccf80 Implicit null exception at 0x000001cfcdbd9088 to 0x000001cfcdbd92e4
Event: 21.752 Thread 0x000001cfdacccf80 Exception <a 'java/lang/NoSuchMethodError'{0x0000000095211ec8}: 'java.lang.Object java.lang.invoke.DirectMethodHandle$Holder.newInvokeSpecial(java.lang.Object, java.lang.Object, int, java.lang.Object, java.lang.Object)'> (0x0000000095211ec8) 
thrown [s\open\src\hotspot\share\interpreter\linkResolver.cpp, line 773]
Event: 21.754 Thread 0x000001cfdacccf80 Exception <a 'java/lang/NoSuchMethodError'{0x000000009521cd78}: 'java.lang.Object java.lang.invoke.DirectMethodHandle$Holder.invokeSpecial(java.lang.Object, java.lang.Object, int, java.lang.Object, int, java.lang.Object)'> (0x000000009521cd78) 
thrown [s\open\src\hotspot\share\interpreter\linkResolver.cpp, line 773]
Event: 21.756 Thread 0x000001cfdacccf80 Exception <a 'java/lang/NoSuchMethodError'{0x00000000952241d8}: 'java.lang.Object java.lang.invoke.DirectMethodHandle$Holder.newInvokeSpecial(java.lang.Object, java.lang.Object, int, java.lang.Object, int)'> (0x00000000952241d8) 
thrown [s\open\src\hotspot\share\interpreter\linkResolver.cpp, line 773]
Event: 21.757 Thread 0x000001cfdacccf80 Exception <a 'java/lang/NoSuchMethodError'{0x0000000095228048}: 'java.lang.Object java.lang.invoke.DirectMethodHandle$Holder.invokeSpecial(java.lang.Object, java.lang.Object, java.lang.Object, int, java.lang.Object, int)'> (0x0000000095228048) 
thrown [s\open\src\hotspot\share\interpreter\linkResolver.cpp, line 773]

ZGC Phase Switch (0 events):
No events

VM Operations (20 events):
Event: 20.468 Executing VM operation: HandshakeAllThreads (Deoptimize)
Event: 20.468 Executing VM operation: HandshakeAllThreads (Deoptimize) done
Event: 20.617 Executing VM operation: HandshakeAllThreads (Deoptimize)
Event: 20.617 Executing VM operation: HandshakeAllThreads (Deoptimize) done
Event: 20.746 Executing VM operation: HandshakeAllThreads (Deoptimize)
Event: 20.746 Executing VM operation: HandshakeAllThreads (Deoptimize) done
Event: 21.226 Executing VM operation: ICBufferFull
Event: 21.226 Executing VM operation: ICBufferFull done
Event: 21.311 Executing VM operation: HandshakeAllThreads (Deoptimize)
Event: 21.311 Executing VM operation: HandshakeAllThreads (Deoptimize) done
Event: 21.397 Executing VM operation: G1CollectForAllocation (G1 Evacuation Pause)
Event: 21.403 Executing VM operation: G1CollectForAllocation (G1 Evacuation Pause) done
Event: 21.748 Executing VM operation: HandshakeAllThreads (Deoptimize)
Event: 21.748 Executing VM operation: HandshakeAllThreads (Deoptimize) done
Event: 21.808 Executing VM operation: CollectForMetadataAllocation (Metadata GC Threshold)
Event: 21.818 Executing VM operation: CollectForMetadataAllocation (Metadata GC Threshold) done
Event: 21.875 Executing VM operation: G1PauseRemark
Event: 21.888 Executing VM operation: G1PauseRemark done
Event: 21.911 Executing VM operation: G1PauseCleanup
Event: 21.912 Executing VM operation: G1PauseCleanup done

Events (20 events):
Event: 21.885 Thread 0x000001cfd9fe3c40 flushing nmethod 0x000001cfcdb89c90
Event: 21.885 Thread 0x000001cfd9fe3c40 flushing nmethod 0x000001cfcdb7c690
Event: 21.885 Thread 0x000001cfd9fe3c40 flushing nmethod 0x000001cfcdb6ac90
Event: 21.885 Thread 0x000001cfd9fe3c40 flushing nmethod 0x000001cfcdb73590
Event: 21.885 Thread 0x000001cfd9fe3c40 flushing nmethod 0x000001cfcdb63990
Event: 21.885 Thread 0x000001cfd9fe3c40 flushing nmethod 0x000001cfcdb70f90
Event: 21.885 Thread 0x000001cfd9fe3c40 flushing nmethod 0x000001cfcdb4a390
Event: 21.885 Thread 0x000001cfd9fe3c40 flushing nmethod 0x000001cfcdb44490
Event: 21.885 Thread 0x000001cfd9fe3c40 flushing nmethod 0x000001cfcdb31890
Event: 21.886 Thread 0x000001cfd9fe3c40 flushing nmethod 0x000001cfcdb37710
Event: 21.886 Thread 0x000001cfd9fe3c40 flushing nmethod 0x000001cfcdb30e10
Event: 21.886 Thread 0x000001cfd9fe3c40 flushing nmethod 0x000001cfcdb20c10
Event: 21.886 Thread 0x000001cfd9fe3c40 flushing nmethod 0x000001cfcdb10690
Event: 21.886 Thread 0x000001cfd9fe3c40 flushing nmethod 0x000001cfcdaa0a10
Event: 21.912 Thread 0x000001d02160e1d0 Thread added: 0x000001d02160e1d0
Event: 21.920 Thread 0x000001d02160f580 Thread added: 0x000001d02160f580
Event: 22.027 Thread 0x000001cfdacccf80 Thread exited: 0x000001cfdacccf80
Event: 22.039 Thread 0x000001cfdace0390 Thread exited: 0x000001cfdace0390
Event: 22.039 Thread 0x000001cfbdb7a680 Thread exited: 0x000001cfbdb7a680
Event: 22.040 Thread 0x000001d021610930 Thread added: 0x000001d021610930


Dynamic libraries:
0x00007ff66ed70000 - 0x00007ff66ed80000 	C:\Program Files\Java\jdk-21\bin\java.exe
0x00007ffe5dd30000 - 0x00007ffe5df47000 	C:\WINDOWS\SYSTEM32\ntdll.dll
0x00007ffe5d1c0000 - 0x00007ffe5d284000 	C:\WINDOWS\System32\KERNEL32.DLL
0x00007ffe5b0a0000 - 0x00007ffe5b446000 	C:\WINDOWS\System32\KERNELBASE.dll
0x00007ffe5b450000 - 0x00007ffe5b561000 	C:\WINDOWS\System32\ucrtbase.dll
0x00007ffe4ca70000 - 0x00007ffe4ca89000 	C:\Program Files\Java\jdk-21\bin\jli.dll
0x00007ffe4d8d0000 - 0x00007ffe4d8eb000 	C:\Program Files\Java\jdk-21\bin\VCRUNTIME140.dll
0x00007ffe5ca50000 - 0x00007ffe5cb01000 	C:\WINDOWS\System32\ADVAPI32.dll
0x00007ffe5d950000 - 0x00007ffe5d9f7000 	C:\WINDOWS\System32\msvcrt.dll
0x00007ffe5cd80000 - 0x00007ffe5ce25000 	C:\WINDOWS\System32\sechost.dll
0x00007ffe5c0d0000 - 0x00007ffe5c1e7000 	C:\WINDOWS\System32\RPCRT4.dll
0x00007ffe5dac0000 - 0x00007ffe5dc6e000 	C:\WINDOWS\System32\USER32.dll
0x00007ffe5b570000 - 0x00007ffe5b596000 	C:\WINDOWS\System32\win32u.dll
0x00007ffe4a530000 - 0x00007ffe4a7c3000 	C:\WINDOWS\WinSxS\amd64_microsoft.windows.common-controls_6595b64144ccf1df_6.0.22621.2506_none_270c5ae97388e100\COMCTL32.dll
0x00007ffe5da90000 - 0x00007ffe5dab9000 	C:\WINDOWS\System32\GDI32.dll
0x00007ffe5b660000 - 0x00007ffe5b778000 	C:\WINDOWS\System32\gdi32full.dll
0x00007ffe5b7f0000 - 0x00007ffe5b88a000 	C:\WINDOWS\System32\msvcp_win.dll
0x00007ffe53c50000 - 0x00007ffe53c5a000 	C:\WINDOWS\SYSTEM32\VERSION.dll
0x00007ffe5cb10000 - 0x00007ffe5cb41000 	C:\WINDOWS\System32\IMM32.DLL
0x00007ffe53eb0000 - 0x00007ffe53ebc000 	C:\Program Files\Java\jdk-21\bin\vcruntime140_1.dll
0x00007ffe2faf0000 - 0x00007ffe2fb7e000 	C:\Program Files\Java\jdk-21\bin\msvcp140.dll
0x00007ffe16720000 - 0x00007ffe17433000 	C:\Program Files\Java\jdk-21\bin\server\jvm.dll
0x00007ffe5dc70000 - 0x00007ffe5dce1000 	C:\WINDOWS\System32\WS2_32.dll
0x00007ffe5af70000 - 0x00007ffe5afbd000 	C:\WINDOWS\SYSTEM32\POWRPROF.dll
0x00007ffe57ca0000 - 0x00007ffe57cd4000 	C:\WINDOWS\SYSTEM32\WINMM.dll
0x00007ffe5af50000 - 0x00007ffe5af63000 	C:\WINDOWS\SYSTEM32\UMPDC.dll
0x00007ffe5a070000 - 0x00007ffe5a088000 	C:\WINDOWS\SYSTEM32\kernel.appcore.dll
0x00007ffe52f90000 - 0x00007ffe52f9a000 	C:\Program Files\Java\jdk-21\bin\jimage.dll
0x00007ffe584e0000 - 0x00007ffe58713000 	C:\WINDOWS\SYSTEM32\DBGHELP.DLL
0x00007ffe5ce30000 - 0x00007ffe5d1b9000 	C:\WINDOWS\System32\combase.dll
0x00007ffe5d760000 - 0x00007ffe5d837000 	C:\WINDOWS\System32\OLEAUT32.dll
0x00007ffe3ac10000 - 0x00007ffe3ac42000 	C:\WINDOWS\SYSTEM32\dbgcore.DLL
0x00007ffe5ba00000 - 0x00007ffe5ba7a000 	C:\WINDOWS\System32\bcryptPrimitives.dll
0x00007ffe4b3e0000 - 0x00007ffe4b3ef000 	C:\Program Files\Java\jdk-21\bin\instrument.dll
0x00007ffe4c9e0000 - 0x00007ffe4c9ff000 	C:\Program Files\Java\jdk-21\bin\java.dll
0x00007ffe5c1f0000 - 0x00007ffe5ca4a000 	C:\WINDOWS\System32\SHELL32.dll
0x00007ffe58f70000 - 0x00007ffe59866000 	C:\WINDOWS\SYSTEM32\windows.storage.dll
0x00007ffe58e30000 - 0x00007ffe58f6e000 	C:\WINDOWS\SYSTEM32\wintypes.dll
0x00007ffe5d840000 - 0x00007ffe5d933000 	C:\WINDOWS\System32\SHCORE.dll
0x00007ffe5ccb0000 - 0x00007ffe5cd0e000 	C:\WINDOWS\System32\shlwapi.dll
0x00007ffe5afd0000 - 0x00007ffe5aff6000 	C:\WINDOWS\SYSTEM32\profapi.dll
0x00007ffe2bba0000 - 0x00007ffe2bc77000 	C:\Program Files\Java\jdk-21\bin\jsvml.dll
0x00007ffe49d30000 - 0x00007ffe49d48000 	C:\Program Files\Java\jdk-21\bin\zip.dll
0x00007ffe4e7a0000 - 0x00007ffe4e7b0000 	C:\Program Files\Java\jdk-21\bin\net.dll
0x00007ffe53600000 - 0x00007ffe53737000 	C:\WINDOWS\SYSTEM32\WINHTTP.dll
0x00007ffe5a4f0000 - 0x00007ffe5a559000 	C:\WINDOWS\system32\mswsock.dll
0x00007ffe4c030000 - 0x00007ffe4c046000 	C:\Program Files\Java\jdk-21\bin\nio.dll
0x00007ffe484e0000 - 0x00007ffe484fa000 	D:\JetBrains\IntelliJ IDEA Community Edition 2023.2.2\bin\breakgen64.dll
0x00007ffe4dbf0000 - 0x00007ffe4dbf7000 	C:\Program Files\Java\jdk-21\bin\extnet.dll
0x00007ffe49a90000 - 0x00007ffe49a9a000 	C:\Program Files\Java\jdk-21\bin\management.dll
0x00007ffe49550000 - 0x00007ffe4955b000 	C:\Program Files\Java\jdk-21\bin\management_ext.dll
0x00007ffe5d940000 - 0x00007ffe5d948000 	C:\WINDOWS\System32\PSAPI.DLL
0x00007ffe48f60000 - 0x00007ffe48f6e000 	C:\Program Files\Java\jdk-21\bin\sunmscapi.dll
0x00007ffe5b890000 - 0x00007ffe5b9f6000 	C:\WINDOWS\System32\CRYPT32.dll
0x00007ffe5a930000 - 0x00007ffe5a95d000 	C:\WINDOWS\SYSTEM32\ncrypt.dll
0x00007ffe5a8f0000 - 0x00007ffe5a927000 	C:\WINDOWS\SYSTEM32\NTASN1.dll
0x00007ffe5a770000 - 0x00007ffe5a78b000 	C:\WINDOWS\SYSTEM32\CRYPTSP.dll
0x00007ffe59fc0000 - 0x00007ffe59ff5000 	C:\WINDOWS\system32\rsaenh.dll
0x00007ffe5a5f0000 - 0x00007ffe5a61c000 	C:\WINDOWS\SYSTEM32\USERENV.dll
0x00007ffe5a960000 - 0x00007ffe5a988000 	C:\WINDOWS\SYSTEM32\bcrypt.dll
0x00007ffe5a790000 - 0x00007ffe5a79c000 	C:\WINDOWS\SYSTEM32\CRYPTBASE.dll
0x00007ffe59ad0000 - 0x00007ffe59afd000 	C:\WINDOWS\SYSTEM32\IPHLPAPI.DLL
0x00007ffe5cd70000 - 0x00007ffe5cd79000 	C:\WINDOWS\System32\NSI.dll
0x00007ffe4c020000 - 0x00007ffe4c030000 	C:\Program Files\Java\jdk-21\bin\verify.dll
0x00007ffe59b40000 - 0x00007ffe59c39000 	C:\WINDOWS\SYSTEM32\DNSAPI.dll
0x00007ffe4a840000 - 0x00007ffe4a84a000 	C:\Windows\System32\rasadhlp.dll
0x00007ffe52050000 - 0x00007ffe520d3000 	C:\WINDOWS\System32\fwpuclnt.dll
0x00007ffe4d120000 - 0x00007ffe4d128000 	C:\WINDOWS\system32\wshunix.dll

dbghelp: loaded successfully - version: 4.0.5 - missing functions: none
symbol engine: initialized successfully - sym options: 0x614 - pdb path: .;C:\Program Files\Java\jdk-21\bin;C:\WINDOWS\SYSTEM32;C:\WINDOWS\WinSxS\amd64_microsoft.windows.common-controls_6595b64144ccf1df_6.0.22621.2506_none_270c5ae97388e100;C:\Program Files\Java\jdk-21\bin\server;D:\JetBrains\IntelliJ IDEA Community Edition 2023.2.2\bin

VM Arguments:
jvm_args: -javaagent:D:\JetBrains\IntelliJ IDEA Community Edition 2023.2.2\lib\idea_rt.jar=9211:D:\JetBrains\IntelliJ IDEA Community Edition 2023.2.2\bin -Dfile.encoding=UTF-8 -Dsun.stdout.encoding=UTF-8 -Dsun.stderr.encoding=UTF-8 
java_command: kodlama.io.rentACar.RentACarApplication
java_class_path (initial): C:\Users\YIGIT\OneDrive\Masaüstü\campspring\rentACar\target\classes;C:\Users\YIGIT\.m2\repository\org\springframework\boot\spring-boot-starter-data-jpa\3.2.1\spring-boot-starter-data-jpa-3.2.1.jar;C:\Users\YIGIT\.m2\repository\org\springframework\boot\spring-boot-starter-aop\3.2.1\spring-boot-starter-aop-3.2.1.jar;C:\Users\YIGIT\.m2\repository\org\springframework\spring-aop\6.1.2\spring-aop-6.1.2.jar;C:\Users\YIGIT\.m2\repository\org\aspectj\aspectjweaver\1.9.21\aspectjweaver-1.9.21.jar;C:\Users\YIGIT\.m2\repository\org\springframework\boot\spring-boot-starter-jdbc\3.2.1\spring-boot-starter-jdbc-3.2.1.jar;C:\Users\YIGIT\.m2\repository\com\zaxxer\HikariCP\5.0.1\HikariCP-5.0.1.jar;C:\Users\YIGIT\.m2\repository\org\springframework\spring-jdbc\6.1.2\spring-jdbc-6.1.2.jar;C:\Users\YIGIT\.m2\repository\org\hibernate\orm\hibernate-core\6.4.1.Final\hibernate-core-6.4.1.Final.jar;C:\Users\YIGIT\.m2\repository\jakarta\persistence\jakarta.persistence-api\3.1.0\jakarta.persistence-api-3.1.0.jar;C:\Users\YIGIT\.m2\repository\jakarta\transaction\jakarta.transaction-api\2.0.1\jakarta.transaction-api-2.0.1.jar;C:\Users\YIGIT\.m2\repository\org\jboss\logging\jboss-logging\3.5.3.Final\jboss-logging-3.5.3.Final.jar;C:\Users\YIGIT\.m2\repository\org\hibernate\common\hibernate-commons-annotations\6.0.6.Final\hibernate-commons-annotations-6.0.6.Final.jar;C:\Users\YIGIT\.m2\repository\io\smallrye\jandex\3.1.2\jandex-3.1.2.jar;C:\Users\YIGIT\.m2\repository\com\fasterxml\classmate\1.6.0\classmate-1.6.0.jar;C:\Users\YIGIT\.m2\repository\net\bytebuddy\byte-buddy\1.14.10\byte-buddy-1.14.10.jar;C:\Users\YIGIT\.m2\repository\org\glassfish\jaxb\jaxb-runtime\4.0.4\jaxb-runtime-4.0.4.jar;C:\Users\YIGIT\.m2\repository\org\glassfish\jaxb\jaxb-core\4.0.4\jaxb-core-4.0.4.jar;C:\Users\YIGIT\.m2\repository\org\eclipse\angus\angus-activation\2.0.1\angus-activation-2.0.1.jar;C:\Users\YIGIT\.m2\repository\org\glassfish\jaxb\txw2\4.0.4\txw2-4.0.4.jar;C:\Users\YIGIT\.m2\repository\com\sun\istack\istack-commons-runtime\4.1.2\istack-commons-runtime-4.1.2.jar;C:\Users\YIGIT\.m2\repository\jakarta\inject\jakarta.inject-api\2.0.1\jakarta.inject-api-2.0.1.jar;C:\Users\YIGIT\.m2\repository\org\antlr\antlr4-runtime\4.13.0\antlr4-runtime-4.13.0.jar;C:\Users\YIGIT\.m2\repository\org\springframework\data\spring-data-jpa\3.2.1\spring-data-jpa-3.2.1.jar;C:\Users\YIGIT\.m2\repository\org\springframework\data\spring-data-commons\3.2.1\spring-data-commons-3.2.1.jar;C:\Users\YIGIT\.m2\repository\org\springframework\spring-orm\6.1.2\spring-orm-6.1.2.jar;C:\Users\YIGIT\.m2\repository\org\springframework\spring-context\6.1.2\spring-context-6.1.2.jar;C:\Users\YIGIT\.m2\repository\org\springframework\spring-tx\6.1.2\spring-tx-6.1.2.jar;C:\Users\YIGIT\.m2\repository\org\springframework\spring-beans\6.1.2\spring-beans-6.1.2.jar;C:\Users\YIGIT\.m2\repository\jakarta\annotation\jakarta.annotation-api\2.1.1\jakarta.annotation-api-2.1.1.jar;C:\Users\YIGIT\.m2\repository\org\slf4j\slf4j-api\2.0.9\slf4j-api-2.0.9.jar;C:\Users\YIGIT\.m2\repository\org\springframework\spring-aspects\6.1.2\spring-aspects-6.1.2.jar;C:\Users\YIGIT\.m2\repository\org\springframework\boot\spring-boot-starter-validation\3.2.1\spring-boot-starter-validation-3.2.1.jar;C:\Users\YIGIT\.m2\repository\org\springframework\boot\spring-boot-starter\3.2.1\spring-boot-starter-3.2.1.jar;C:\Users\YIGIT\.m2\repository\org\springframework\boot\spring-boot-starter-logging\3.2.1\spring-boot-starter-logging-3.2.1.jar;C:\Users\YIGIT\.m2\repository\ch\qos\logback\logback-classic\1.4.14\logback-classic-1.4.14.jar;C:\Users\YIGIT\.m2\repository\ch\qos\logback\logback-core\1.4.14\logback-core-1.4.14.jar;C:\Users\YIGIT\.m2\repository\org\apache\logging\log4j\log4j-to-slf4j\2.21.1\log4j-to-slf4j-2.21.1.jar;C:\Users\YIGIT\.m2\repository\org\apache\logging\log4j\log4j-api\2.21.1\log4j-api-2.21.1.jar;C:\Users\YIGIT\.m2\repository\org\slf4j\jul-to-slf4j\2.0.9\jul-to-slf4j-2.0.9.jar;C:\Users\YIGIT\.m2\repository\org\yaml\snakeyaml\2.2\snakeyaml-2.2.jar;C:\Users\YIGIT\.m2\repository\org\apache\tomcat\embed\tomcat-embed-el\10.1.17\tomcat-embed-el-10.1.17.jar;C:\Users\YIGIT\.m2\repository\org\hibernate\validator\hibernate-validator\8.0.1.Final\hibernate-validator-8.0.1.Final.jar;C:\Users\YIGIT\.m2\repository\jakarta\validation\jakarta.validation-api\3.0.2\jakarta.validation-api-3.0.2.jar;C:\Users\YIGIT\.m2\repository\org\springframework\boot\spring-boot-starter-web\3.2.1\spring-boot-starter-web-3.2.1.jar;C:\Users\YIGIT\.m2\repository\org\springframework\boot\spring-boot-starter-json\3.2.1\spring-boot-starter-json-3.2.1.jar;C:\Users\YIGIT\.m2\repository\com\fasterxml\jackson\core\jackson-databind\2.15.3\jackson-databind-2.15.3.jar;C:\Users\YIGIT\.m2\repository\com\fasterxml\jackson\core\jackson-annotations\2.15.3\jackson-annotations-2.15.3.jar;C:\Users\YIGIT\.m2\repository\com\fasterxml\jackson\core\jackson-core\2.15.3\jackson-core-2.15.3.jar;C:\Users\YIGIT\.m2\repository\com\fasterxml\jackson\datatype\jackson-datatype-jdk8\2.15.3\jackson-datatype-jdk8-2.15.3.jar;C:\Users\YIGIT\.m2\repository\com\fasterxml\jackson\datatype\jackson-datatype-jsr310\2.15.3\jackson-datatype-jsr310-2.15.3.jar;C:\Users\YIGIT\.m2\repository\com\fasterxml\jackson\module\jackson-module-parameter-names\2.15.3\jackson-module-parameter-names-2.15.3.jar;C:\Users\YIGIT\.m2\repository\org\springframework\boot\spring-boot-starter-tomcat\3.2.1\spring-boot-starter-tomcat-3.2.1.jar;C:\Users\YIGIT\.m2\repository\org\apache\tomcat\embed\tomcat-embed-core\10.1.17\tomcat-embed-core-10.1.17.jar;C:\Users\YIGIT\.m2\repository\org\apache\tomcat\embed\tomcat-embed-websocket\10.1.17\tomcat-embed-websocket-10.1.17.jar;C:\Users\YIGIT\.m2\repository\org\springframework\spring-web\6.1.2\spring-web-6.1.2.jar;C:\Users\YIGIT\.m2\repository\io\micrometer\micrometer-observation\1.12.1\micrometer-observation-1.12.1.jar;C:\Users\YIGIT\.m2\repository\io\micrometer\micrometer-commons\1.12.1\micrometer-commons-1.12.1.jar;C:\Users\YIGIT\.m2\repository\org\springframework\spring-webmvc\6.1.2\spring-webmvc-6.1.2.jar;C:\Users\YIGIT\.m2\repository\org\springframework\spring-expression\6.1.2\spring-expression-6.1.2.jar;C:\Users\YIGIT\.m2\repository\org\springframework\boot\spring-boot-devtools\3.2.1\spring-boot-devtools-3.2.1.jar;C:\Users\YIGIT\.m2\repository\org\springframework\boot\spring-boot\3.2.1\spring-boot-3.2.1.jar;C:\Users\YIGIT\.m2\repository\org\springframework\boot\spring-boot-autoconfigure\3.2.1\spring-boot-autoconfigure-3.2.1.jar;C:\Users\YIGIT\.m2\repository\org\postgresql\postgresql\42.6.0\postgresql-42.6.0.jar;C:\Users\YIGIT\.m2\repository\org\checkerframework\checker-qual\3.31.0\checker-qual-3.31.0.jar;C:\Users\YIGIT\.m2\repository\org\projectlombok\lombok\1.18.30\lombok-1.18.30.jar;C:\Users\YIGIT\.m2\repository\jakarta\xml\bind\jakarta.xml.bind-api\4.0.1\jakarta.xml.bind-api-4.0.1.jar;C:\Users\YIGIT\.m2\repository\jakarta\activation\jakarta.activation-api\2.1.2\jakarta.activation-api-2.1.2.jar;C:\Users\YIGIT\.m2\repository\org\springframework\spring-core\6.1.2\spring-core-6.1.2.jar;C:\Users\YIGIT\.m2\repository\org\springframework\spring-jcl\6.1.2\spring-jcl-6.1.2.jar
Launcher Type: SUN_STANDARD

[Global flags]
     intx CICompilerCount                          = 4                                         {product} {ergonomic}
     uint ConcGCThreads                            = 2                                         {product} {ergonomic}
     uint G1ConcRefinementThreads                  = 8                                         {product} {ergonomic}
   size_t G1HeapRegionSize                         = 1048576                                   {product} {ergonomic}
    uintx GCDrainStackTargetSize                   = 64                                        {product} {ergonomic}
   size_t InitialHeapSize                          = 117440512                                 {product} {ergonomic}
   size_t MarkStackSize                            = 4194304                                   {product} {ergonomic}
   size_t MaxHeapSize                              = 1862270976                                {product} {ergonomic}
   size_t MaxNewSize                               = 1116733440                                {product} {ergonomic}
   size_t MinHeapDeltaBytes                        = 1048576                                   {product} {ergonomic}
   size_t MinHeapSize                              = 8388608                                   {product} {ergonomic}
    uintx NonNMethodCodeHeapSize                   = 5839372                                {pd product} {ergonomic}
    uintx NonProfiledCodeHeapSize                  = 122909434                              {pd product} {ergonomic}
    uintx ProfiledCodeHeapSize                     = 122909434                              {pd product} {ergonomic}
    uintx ReservedCodeCacheSize                    = 251658240                              {pd product} {ergonomic}
     bool SegmentedCodeCache                       = true                                      {product} {ergonomic}
   size_t SoftMaxHeapSize                          = 1862270976                             {manageable} {ergonomic}
     bool UseCompressedOops                        = true                           {product lp64_product} {ergonomic}
     bool UseG1GC                                  = true                                      {product} {ergonomic}
     bool UseLargePagesIndividualAllocation        = false                                  {pd product} {ergonomic}

Logging:
Log output configuration:
 #0: stdout all=warning uptime,level,tags foldmultilines=false
 #1: stderr all=off uptime,level,tags foldmultilines=false

Environment Variables:
PATH=C:\Program Files\Common Files\Oracle\Java\javapath;C:\WINDOWS\system32;C:\WINDOWS;C:\WINDOWS\System32\Wbem;C:\WINDOWS\System32\WindowsPowerShell\v1.0\;C:\WINDOWS\System32\OpenSSH\;D:\bin;C:\Program Files\dotnet\;C:\Program Files\nodejs\;C:\Program Files\Microsoft SQL Server\150\Tools\Binn\;C:\Program Files\Microsoft SQL Server\Client SDK\ODBC\170\Tools\Binn\;C:\Users\YIGIT\AppData\Local\Microsoft\WindowsApps;C:\Users\YIGIT\AppData\Roaming\npm;C:\Users\YIGIT\AppData\Local\Programs\Microsoft VS Code\bin;D:\JetBrains\IntelliJ IDEA Community Edition 2023.2.2\bin;;C:\Users\YIGIT\AppData\Local\GitHubDesktop\bin;C:\Users\YIGIT\.dotnet\tools
USERNAME=YIGIT
OS=Windows_NT
PROCESSOR_IDENTIFIER=AMD64 Family 23 Model 24 Stepping 1, AuthenticAMD
TMP=C:\Users\YIGIT\AppData\Local\Temp
TEMP=C:\Users\YIGIT\AppData\Local\Temp




---------------  S Y S T E M  ---------------

OS:
 Windows 11 , 64 bit Build 22621 (10.0.22621.2506)
OS uptime: 17 days 1:58 hours
Hyper-V role detected

CPU: total 8 (initial active 8) (8 cores per cpu, 2 threads per core) family 23 model 24 stepping 1 microcode 0x0, cx8, cmov, fxsr, ht, mmx, 3dnowpref, sse, sse2, sse3, ssse3, sse4a, sse4.1, sse4.2, popcnt, lzcnt, tsc, tscinvbit, avx, avx2, aes, clmul, bmi1, bmi2, adx, sha, fma, vzeroupper, clflush, clflushopt, hv, rdtscp, f16c
Processor Information for all 8 processors :
  Max Mhz: 2100, Current Mhz: 2100, Mhz Limit: 2100

Memory: 4k page, system-wide physical 7103M (265M free)
TotalPageFile size 9488M (AvailPageFile size 1M)
current process WorkingSet (physical memory assigned to process): 232M, peak: 235M
current process commit charge ("private bytes"): 269M, peak: 272M

vm_info: Java HotSpot(TM) 64-Bit Server VM (21+35-LTS-2513) for windows-amd64 JRE (21+35-LTS-2513), built on 2023-08-09T20:25:10Z by "mach5one" with MS VC++ 17.1 (VS2022)

END.
